C:\xml\xmls\FCV00157833.xml
C:\xml\xmls\FCV00157837.xml
C:\xml\xmls\FMV00246294.xml
C:\xml\xmls\FCV00157835.xml
C:\xml\xmls\FMV00246296.xml
C:\xml\xmls\FMV00246283.xml
C:\xml\xmls\FMV00246297.xml
C:\xml\xmls\DF00008028.xml
C:\xml\xmls\FMV00246301.xml
C:\xml\xmls\FMV00246299.xml
C:\xml\xmls\FMV00246302.xml
C:\xml\xmls\FMV00246303.xml
C:\xml\xmls\FMV00246304.xml
C:\xml\xmls\FMV00246307.xml
C:\xml\xmls\FMV00246305.xml
C:\xml\xmls\FMV00246306.xml
C:\xml\xmls\FMV00246298.xml
C:\xml\xmls\FMV00246308.xml
C:\xml\xmls\FMV00246310.xml
C:\xml\xmls\FMV00246311.xml
C:\xml\xmls\FMV00246314.xml
C:\xml\xmls\FMV00246312.xml
C:\xml\xmls\FMV00246313.xml
C:\xml\xmls\FCV00157840.xml
C:\xml\xmls\FMV00246295.xml
C:\xml\xmls\FMV00246316.xml
C:\xml\xmls\FMV00246317.xml
C:\xml\xmls\FCV00157836.xml
C:\xml\xmls\FMV00246318.xml
C:\xml\xmls\FMV00246319.xml
C:\xml\xmls\FMV00246320.xml
C:\xml\xmls\FCV00157834.xml
C:\xml\xmls\FMV00246323.xml
C:\xml\xmls\FMV00246322.xml
C:\xml\xmls\FMV00246321.xml
C:\xml\xmls\FMV00246315.xml
C:\xml\xmls\FMV00246326.xml
C:\xml\xmls\FMV00246325.xml
C:\xml\xmls\FMV00246300.xml
C:\xml\xmls\FMV00246327.xml
C:\xml\xmls\FMV00246328.xml
C:\xml\xmls\PAF01291280.xml
C:\xml\xmls\FCV00157846.xml
C:\xml\xmls\PAF01291282.xml
C:\xml\xmls\PAF01291285.xml
C:\xml\xmls\PAF01291286.xml
C:\xml\xmls\PAF01291283.xml
C:\xml\xmls\PAF01291284.xml
C:\xml\xmls\PAF01291287.xml
C:\xml\xmls\PAF01291288.xml
C:\xml\xmls\PAF01291290.xml
C:\xml\xmls\PAF01291291.xml
C:\xml\xmls\PAF01291292.xml
C:\xml\xmls\PAF01291293.xml
C:\xml\xmls\FCV00157839.xml
C:\xml\xmls\PAF01291295.xml
C:\xml\xmls\PAF01291294.xml
C:\xml\xmls\PAF01291297.xml
C:\xml\xmls\FCV00157841.xml
C:\xml\xmls\PAF01291299.xml
C:\xml\xmls\PAF01291300.xml
C:\xml\xmls\PAF01291298.xml
C:\xml\xmls\FCV00157843.xml
C:\xml\xmls\PAF01291301.xml
C:\xml\xmls\PAF01291303.xml
C:\xml\xmls\PAF01291302.xml
C:\xml\xmls\PAF01291304.xml
C:\xml\xmls\FCV00157844.xml
C:\xml\xmls\PAF01291305.xml
C:\xml\xmls\FMV00246324.xml
C:\xml\xmls\PAF01291281.xml
C:\xml\xmls\PAF01291307.xml
C:\xml\xmls\PAF01291309.xml
C:\xml\xmls\FMV00246309.xml
C:\xml\xmls\PAF01291311.xml
C:\xml\xmls\PAF01291308.xml
C:\xml\xmls\PAF01291296.xml
C:\xml\xmls\PAF01291312.xml
C:\xml\xmls\PAF01291316.xml
C:\xml\xmls\PAF01291315.xml
C:\xml\xmls\PAF01291317.xml
C:\xml\xmls\PAF01291314.xml
C:\xml\xmls\PAF01291319.xml
C:\xml\xmls\PAF01291313.xml
C:\xml\xmls\PAF01291320.xml
C:\xml\xmls\PAF01291318.xml
C:\xml\xmls\PAF01291306.xml
C:\xml\xmls\PAF01291322.xml
C:\xml\xmls\PAF01291323.xml
C:\xml\xmls\PAF01291324.xml
C:\xml\xmls\PAF01291325.xml
C:\xml\xmls\PAF01291326.xml
C:\xml\xmls\PAF01291327.xml
C:\xml\xmls\PAF01291330.xml
C:\xml\xmls\PAF01291329.xml
C:\xml\xmls\PAF01291328.xml
C:\xml\xmls\PAF01291332.xml
C:\xml\xmls\PAF01291333.xml
C:\xml\xmls\PAF01291331.xml
C:\xml\xmls\PAF01291334.xml
C:\xml\xmls\PAF01291336.xml
C:\xml\xmls\PAF01291337.xml
C:\xml\xmls\PAF01291310.xml
C:\xml\xmls\PAF01291339.xml
C:\xml\xmls\PAF01291340.xml
C:\xml\xmls\PAF01291341.xml
C:\xml\xmls\PAF01291338.xml
C:\xml\xmls\PAF01291335.xml
C:\xml\xmls\PAF01291342.xml
C:\xml\xmls\PAF01291347.xml
C:\xml\xmls\PAF01291343.xml
C:\xml\xmls\PAF01291346.xml
C:\xml\xmls\PAF01291349.xml
C:\xml\xmls\PAF01291344.xml
C:\xml\xmls\PAF01291345.xml
C:\xml\xmls\PAF01291350.xml
C:\xml\xmls\PAF01291352.xml
C:\xml\xmls\PAF01291354.xml
C:\xml\xmls\PAF01291353.xml
C:\xml\xmls\PAF01291358.xml
C:\xml\xmls\PAF01291348.xml
C:\xml\xmls\PAF01291351.xml
C:\xml\xmls\PAF01291360.xml
C:\xml\xmls\PAF01291362.xml
C:\xml\xmls\PAF01291357.xml
C:\xml\xmls\PAF01291363.xml
C:\xml\xmls\PAF01291361.xml
C:\xml\xmls\PAF01291364.xml
C:\xml\xmls\PAF01291356.xml
C:\xml\xmls\PAF01291367.xml
C:\xml\xmls\PAF01291321.xml
C:\xml\xmls\PAF01291366.xml
C:\xml\xmls\FCV00157842.xml
C:\xml\xmls\PAF01291368.xml
C:\xml\xmls\PAF01291369.xml
C:\xml\xmls\FCV00157845.xml
C:\xml\xmls\PAF01291372.xml
C:\xml\xmls\PAF01291373.xml
C:\xml\xmls\PAF01291375.xml
C:\xml\xmls\PAF01291374.xml
C:\xml\xmls\PAF01291371.xml
C:\xml\xmls\PAF01291359.xml
C:\xml\xmls\PAF01291365.xml
C:\xml\xmls\PAF01291376.xml
C:\xml\xmls\PAF01291377.xml
C:\xml\xmls\PAF01291378.xml
C:\xml\xmls\PAF01291379.xml
C:\xml\xmls\PAF01291370.xml
C:\xml\xmls\PAF01291380.xml
C:\xml\xmls\PAF01291381.xml
C:\xml\xmls\PAF01291382.xml
C:\xml\xmls\PAF01291384.xml
C:\xml\xmls\PAF01291383.xml
C:\xml\xmls\PAF01291388.xml
C:\xml\xmls\PAF01291389.xml
C:\xml\xmls\PAF01291387.xml
C:\xml\xmls\PAF01291390.xml
C:\xml\xmls\PAF01291391.xml
C:\xml\xmls\PAF01291392.xml
C:\xml\xmls\PAF01291355.xml
C:\xml\xmls\PAF01291393.xml
C:\xml\xmls\PAF01291395.xml
C:\xml\xmls\PAF01291396.xml
C:\xml\xmls\PAF01291398.xml
C:\xml\xmls\PAF01291397.xml
C:\xml\xmls\PAF01291400.xml
C:\xml\xmls\PAF01291399.xml
C:\xml\xmls\PAF01291402.xml
C:\xml\xmls\PAF01291401.xml
C:\xml\xmls\PAF01291403.xml
C:\xml\xmls\PAF01291405.xml
C:\xml\xmls\PAF01291406.xml
C:\xml\xmls\PAF01291408.xml
C:\xml\xmls\PAF01291394.xml
C:\xml\xmls\PAF01291407.xml
C:\xml\xmls\PAF01291411.xml
C:\xml\xmls\PAF01291409.xml
C:\xml\xmls\PAF01291414.xml
C:\xml\xmls\PAF01291413.xml
C:\xml\xmls\PAF01291416.xml
C:\xml\xmls\PAF01291417.xml
C:\xml\xmls\PAF01291412.xml
C:\xml\xmls\PAF01291418.xml
C:\xml\xmls\PAF01291410.xml
C:\xml\xmls\PAF01291419.xml
C:\xml\xmls\PAF01291422.xml
C:\xml\xmls\PAF01291423.xml
C:\xml\xmls\PAF01291424.xml
C:\xml\xmls\PAF01291425.xml
C:\xml\xmls\PAF01291426.xml
C:\xml\xmls\PAF01291427.xml
C:\xml\xmls\PAF01291428.xml
C:\xml\xmls\PAF01291429.xml
C:\xml\xmls\PAF01291430.xml
C:\xml\xmls\PAF01291431.xml
C:\xml\xmls\PAF01291432.xml
C:\xml\xmls\PAF01291385.xml
C:\xml\xmls\PAF01291435.xml
C:\xml\xmls\PAF01291434.xml
C:\xml\xmls\PAF01291436.xml
C:\xml\xmls\PAF01291438.xml
C:\xml\xmls\PAF01291437.xml
C:\xml\xmls\PAF01291433.xml
C:\xml\xmls\PAF01291439.xml
C:\xml\xmls\PAF01291441.xml
C:\xml\xmls\PAF01291404.xml
C:\xml\xmls\PAF01291444.xml
C:\xml\xmls\PAF01291421.xml
C:\xml\xmls\PAF01291440.xml
C:\xml\xmls\PAF01291442.xml
C:\xml\xmls\PAF01291449.xml
C:\xml\xmls\PAF01291447.xml
C:\xml\xmls\PAF01291448.xml
C:\xml\xmls\PAF01291450.xml
C:\xml\xmls\PAF01291451.xml
C:\xml\xmls\PAF01291452.xml
C:\xml\xmls\PAF01291443.xml
C:\xml\xmls\PAF01291453.xml
C:\xml\xmls\PAF01291454.xml
C:\xml\xmls\PAF01291456.xml
C:\xml\xmls\PAF01291455.xml
C:\xml\xmls\PAF01291458.xml
C:\xml\xmls\PAF01291459.xml
C:\xml\xmls\PAF01291462.xml
C:\xml\xmls\PAF01291461.xml
C:\xml\xmls\PAF01291460.xml
C:\xml\xmls\PAF01291464.xml
C:\xml\xmls\PAF01291466.xml
C:\xml\xmls\PAF01291457.xml
C:\xml\xmls\PAF01291463.xml
C:\xml\xmls\PAF01291467.xml
C:\xml\xmls\PAF01291446.xml
C:\xml\xmls\PAF01291470.xml
C:\xml\xmls\PAF01291472.xml
C:\xml\xmls\PAF01291445.xml
C:\xml\xmls\PAF01291468.xml
C:\xml\xmls\PAF01291473.xml
C:\xml\xmls\PAF01291474.xml
C:\xml\xmls\PAF01291477.xml
C:\xml\xmls\PAF01291479.xml
C:\xml\xmls\PAF01291476.xml
C:\xml\xmls\PAF01291489.xml
C:\xml\xmls\PAF01291491.xml
C:\xml\xmls\PAF01291495.xml
C:\xml\xmls\PAF01291493.xml
C:\xml\xmls\PAF01291494.xml
C:\xml\xmls\PAF01291420.xml
C:\xml\xmls\PAF01291465.xml
C:\xml\xmls\PAF01291499.xml
C:\xml\xmls\PAF01291488.xml
C:\xml\xmls\PAF01291501.xml
C:\xml\xmls\PAF01291502.xml
C:\xml\xmls\PAF01291504.xml
C:\xml\xmls\PAF01291505.xml
C:\xml\xmls\PAF01291503.xml
C:\xml\xmls\PAF01291506.xml
C:\xml\xmls\PAF01291508.xml
C:\xml\xmls\PAF01291511.xml
C:\xml\xmls\PAF01291512.xml
C:\xml\xmls\PAF01291509.xml
C:\xml\xmls\PAF01291513.xml
C:\xml\xmls\PAF01291510.xml
C:\xml\xmls\PAF01291478.xml
C:\xml\xmls\FCV00157847.xml
C:\xml\xmls\PAF01291481.xml
C:\xml\xmls\PAF01291497.xml
C:\xml\xmls\PAF01291514.xml
C:\xml\xmls\PAF01291469.xml
C:\xml\xmls\FCV00157848.xml
C:\xml\xmls\FMV00246280.xml
C:\xml\xmls\PAF01291480.xml
C:\xml\xmls\PAF01291482.xml
C:\xml\xmls\FMV00246281.xml
C:\xml\xmls\PAF01291483.xml
C:\xml\xmls\FMV00246282.xml
C:\xml\xmls\PAF01291484.xml
C:\xml\xmls\FMV00246285.xml
C:\xml\xmls\FMV00246284.xml
C:\xml\xmls\PAF01291485.xml
C:\xml\xmls\FMV00246286.xml
C:\xml\xmls\FMV00246288.xml
C:\xml\xmls\PAF01291471.xml
C:\xml\xmls\PAF01291487.xml
C:\xml\xmls\FMV00246289.xml
C:\xml\xmls\FMV00246287.xml
C:\xml\xmls\PAF01291490.xml
C:\xml\xmls\PAF01291486.xml
C:\xml\xmls\PAF01291500.xml
C:\xml\xmls\FMV00246290.xml
C:\xml\xmls\FCV00157838.xml
C:\xml\xmls\FMV00246292.xml
C:\xml\xmls\FMV00246293.xml
C:\xml\xmls\FMV00246291.xml
C:\xml\xmls\PAF01291492.xml
C:\xml\xmls\PAF01291386.xml
C:\xml\xmls\PAF01291498.xml
C:\xml\xmls\PAF01291496.xml
C:\ITC_IA\cfditaskmanager_demo\cfditaskmanager-demo\java-client\xml-data\FCV00157847.xml
C:\ITC_IA\cfditaskmanager_demo\cfditaskmanager-demo\java-client\xml-data\FCV00157839.xml
C:\ITC_IA\cfditaskmanager_demo\cfditaskmanager-demo\java-client\xml-data\FCV00157843.xml
C:\ITC_IA\cfditaskmanager_demo\cfditaskmanager-demo\java-client\xml-data\FCV00157835.xml
C:\ITC_IA\cfditaskmanager_demo\cfditaskmanager-demo\java-client\xml-data\FCV00157848.xml
C:\ITC_IA\cfditaskmanager_demo\cfditaskmanager-demo\java-client\xml-data\FCV00157845.xml
C:\ITC_IA\cfditaskmanager_demo\cfditaskmanager-demo\java-client\xml-data\FCV00157838.xml
C:\ITC_IA\cfditaskmanager_demo\cfditaskmanager-demo\java-client\xml-data\FCV00157836.xml
C:\ITC_IA\cfditaskmanager_demo\cfditaskmanager-demo\java-client\xml-data\DF00008028.xml
C:\ITC_IA\cfditaskmanager_demo\cfditaskmanager-demo\java-client\xml-data\FCV00157834.xml
C:\ITC_IA\cfditaskmanager_demo\cfditaskmanager-demo\java-client\xml-data\FCV00157841.xml
C:\ITC_IA\cfditaskmanager_demo\cfditaskmanager-demo\java-client\xml-data\FCV00157833.xml
C:\ITC_IA\cfditaskmanager_demo\cfditaskmanager-demo\java-client\xml-data\FMV00246280.xml
C:\ITC_IA\cfditaskmanager_demo\cfditaskmanager-demo\java-client\xml-data\FCV00157844.xml
C:\ITC_IA\cfditaskmanager_demo\cfditaskmanager-demo\java-client\xml-data\FCV00157846.xml
C:\ITC_IA\cfditaskmanager_demo\cfditaskmanager-demo\java-client\xml-data\FCV00157842.xml
C:\ITC_IA\cfditaskmanager_demo\cfditaskmanager-demo\java-client\xml-data\FCV00157840.xml
C:\ITC_IA\cfditaskmanager_demo\cfditaskmanager-demo\java-client\xml-data\FCV00157837.xml
C:\ITC_IA\cfditaskmanager_demo\cfditaskmanager-demo\java-client\xml-data\FMV00246283.xml
C:\ITC_IA\cfditaskmanager_demo\cfditaskmanager-demo\java-client\xml-data\FMV00246281.xml
C:\ITC_IA\cfditaskmanager_demo\cfditaskmanager-demo\java-client\xml-data\FMV00246284.xml
C:\ITC_IA\cfditaskmanager_demo\cfditaskmanager-demo\java-client\xml-data\FMV00246282.xml
C:\ITC_IA\cfditaskmanager_demo\cfditaskmanager-demo\java-client\xml-data\FMV00246287.xml
C:\ITC_IA\cfditaskmanager_demo\cfditaskmanager-demo\java-client\xml-data\FMV00246286.xml
C:\ITC_IA\cfditaskmanager_demo\cfditaskmanager-demo\java-client\xml-data\FMV00246290.xml
C:\ITC_IA\cfditaskmanager_demo\cfditaskmanager-demo\java-client\xml-data\FMV00246288.xml
C:\ITC_IA\cfditaskmanager_demo\cfditaskmanager-demo\java-client\xml-data\FMV00246289.xml
C:\ITC_IA\cfditaskmanager_demo\cfditaskmanager-demo\java-client\xml-data\FMV00246294.xml
C:\ITC_IA\cfditaskmanager_demo\cfditaskmanager-demo\java-client\xml-data\FMV00246296.xml
C:\ITC_IA\cfditaskmanager_demo\cfditaskmanager-demo\java-client\xml-data\FMV00246293.xml
C:\ITC_IA\cfditaskmanager_demo\cfditaskmanager-demo\java-client\xml-data\FMV00246292.xml
C:\ITC_IA\cfditaskmanager_demo\cfditaskmanager-demo\java-client\xml-data\FMV00246285.xml
C:\ITC_IA\cfditaskmanager_demo\cfditaskmanager-demo\java-client\xml-data\FMV00246304.xml
C:\ITC_IA\cfditaskmanager_demo\cfditaskmanager-demo\java-client\xml-data\FMV00246291.xml
C:\ITC_IA\cfditaskmanager_demo\cfditaskmanager-demo\java-client\xml-data\FMV00246302.xml
C:\ITC_IA\cfditaskmanager_demo\cfditaskmanager-demo\java-client\xml-data\FMV00246295.xml
C:\ITC_IA\cfditaskmanager_demo\cfditaskmanager-demo\java-client\xml-data\FMV00246303.xml
C:\ITC_IA\cfditaskmanager_demo\cfditaskmanager-demo\java-client\xml-data\FMV00246308.xml
C:\ITC_IA\cfditaskmanager_demo\cfditaskmanager-demo\java-client\xml-data\FMV00246298.xml
C:\ITC_IA\cfditaskmanager_demo\cfditaskmanager-demo\java-client\xml-data\FMV00246305.xml
C:\ITC_IA\cfditaskmanager_demo\cfditaskmanager-demo\java-client\xml-data\FMV00246299.xml
C:\ITC_IA\cfditaskmanager_demo\cfditaskmanager-demo\java-client\xml-data\FMV00246306.xml
C:\ITC_IA\cfditaskmanager_demo\cfditaskmanager-demo\java-client\xml-data\FMV00246312.xml
C:\ITC_IA\cfditaskmanager_demo\cfditaskmanager-demo\java-client\xml-data\FMV00246297.xml
C:\ITC_IA\cfditaskmanager_demo\cfditaskmanager-demo\java-client\xml-data\FMV00246318.xml
C:\ITC_IA\cfditaskmanager_demo\cfditaskmanager-demo\java-client\xml-data\FMV00246300.xml
C:\ITC_IA\cfditaskmanager_demo\cfditaskmanager-demo\java-client\xml-data\FMV00246314.xml
C:\ITC_IA\cfditaskmanager_demo\cfditaskmanager-demo\java-client\xml-data\FMV00246307.xml
C:\ITC_IA\cfditaskmanager_demo\cfditaskmanager-demo\java-client\xml-data\FMV00246301.xml
C:\ITC_IA\cfditaskmanager_demo\cfditaskmanager-demo\java-client\xml-data\FMV00246323.xml
C:\ITC_IA\cfditaskmanager_demo\cfditaskmanager-demo\java-client\xml-data\FMV00246319.xml
C:\ITC_IA\cfditaskmanager_demo\cfditaskmanager-demo\java-client\xml-data\FMV00246316.xml
C:\ITC_IA\cfditaskmanager_demo\cfditaskmanager-demo\java-client\xml-data\FMV00246326.xml
C:\ITC_IA\cfditaskmanager_demo\cfditaskmanager-demo\java-client\xml-data\FMV00246328.xml
C:\ITC_IA\cfditaskmanager_demo\cfditaskmanager-demo\java-client\xml-data\PAF01291280.xml
C:\ITC_IA\cfditaskmanager_demo\cfditaskmanager-demo\java-client\xml-data\PAF01291283.xml
C:\ITC_IA\cfditaskmanager_demo\cfditaskmanager-demo\java-client\xml-data\PAF01291281.xml
C:\ITC_IA\cfditaskmanager_demo\cfditaskmanager-demo\java-client\xml-data\PAF01291284.xml
C:\ITC_IA\cfditaskmanager_demo\cfditaskmanager-demo\java-client\xml-data\PAF01291286.xml
C:\ITC_IA\cfditaskmanager_demo\cfditaskmanager-demo\java-client\xml-data\PAF01291285.xml
C:\ITC_IA\cfditaskmanager_demo\cfditaskmanager-demo\java-client\xml-data\PAF01291287.xml
C:\ITC_IA\cfditaskmanager_demo\cfditaskmanager-demo\java-client\xml-data\FMV00246309.xml
C:\ITC_IA\cfditaskmanager_demo\cfditaskmanager-demo\java-client\xml-data\FMV00246313.xml
C:\ITC_IA\cfditaskmanager_demo\cfditaskmanager-demo\java-client\xml-data\FMV00246311.xml
C:\ITC_IA\cfditaskmanager_demo\cfditaskmanager-demo\java-client\xml-data\FMV00246310.xml
C:\ITC_IA\cfditaskmanager_demo\cfditaskmanager-demo\java-client\xml-data\PAF01291295.xml
C:\ITC_IA\cfditaskmanager_demo\cfditaskmanager-demo\java-client\xml-data\PAF01291288.xml
C:\ITC_IA\cfditaskmanager_demo\cfditaskmanager-demo\java-client\xml-data\FMV00246320.xml
C:\ITC_IA\cfditaskmanager_demo\cfditaskmanager-demo\java-client\xml-data\PAF01291297.xml
C:\ITC_IA\cfditaskmanager_demo\cfditaskmanager-demo\java-client\xml-data\PAF01291282.xml
C:\ITC_IA\cfditaskmanager_demo\cfditaskmanager-demo\java-client\xml-data\FMV00246315.xml
C:\ITC_IA\cfditaskmanager_demo\cfditaskmanager-demo\java-client\xml-data\PAF01291290.xml
C:\ITC_IA\cfditaskmanager_demo\cfditaskmanager-demo\java-client\xml-data\PAF01291300.xml
C:\ITC_IA\cfditaskmanager_demo\cfditaskmanager-demo\java-client\xml-data\PAF01291293.xml
C:\ITC_IA\cfditaskmanager_demo\cfditaskmanager-demo\java-client\xml-data\PAF01291291.xml
C:\ITC_IA\cfditaskmanager_demo\cfditaskmanager-demo\java-client\xml-data\PAF01291302.xml
C:\ITC_IA\cfditaskmanager_demo\cfditaskmanager-demo\java-client\xml-data\PAF01291303.xml
C:\ITC_IA\cfditaskmanager_demo\cfditaskmanager-demo\java-client\xml-data\FMV00246322.xml
C:\ITC_IA\cfditaskmanager_demo\cfditaskmanager-demo\java-client\xml-data\FMV00246321.xml
C:\ITC_IA\cfditaskmanager_demo\cfditaskmanager-demo\java-client\xml-data\FMV00246325.xml
C:\ITC_IA\cfditaskmanager_demo\cfditaskmanager-demo\java-client\xml-data\PAF01291310.xml
C:\ITC_IA\cfditaskmanager_demo\cfditaskmanager-demo\java-client\xml-data\PAF01291294.xml
C:\ITC_IA\cfditaskmanager_demo\cfditaskmanager-demo\java-client\xml-data\PAF01291308.xml
C:\ITC_IA\cfditaskmanager_demo\cfditaskmanager-demo\java-client\xml-data\PAF01291309.xml
C:\ITC_IA\cfditaskmanager_demo\cfditaskmanager-demo\java-client\xml-data\PAF01291312.xml
C:\ITC_IA\cfditaskmanager_demo\cfditaskmanager-demo\java-client\xml-data\PAF01291313.xml
C:\ITC_IA\cfditaskmanager_demo\cfditaskmanager-demo\java-client\xml-data\PAF01291314.xml
C:\ITC_IA\cfditaskmanager_demo\cfditaskmanager-demo\java-client\xml-data\PAF01291319.xml
C:\ITC_IA\cfditaskmanager_demo\cfditaskmanager-demo\java-client\xml-data\PAF01291311.xml
C:\ITC_IA\cfditaskmanager_demo\cfditaskmanager-demo\java-client\xml-data\PAF01291292.xml
C:\ITC_IA\cfditaskmanager_demo\cfditaskmanager-demo\java-client\xml-data\FMV00246324.xml
C:\ITC_IA\cfditaskmanager_demo\cfditaskmanager-demo\java-client\xml-data\PAF01291296.xml
C:\ITC_IA\cfditaskmanager_demo\cfditaskmanager-demo\java-client\xml-data\PAF01291317.xml
C:\ITC_IA\cfditaskmanager_demo\cfditaskmanager-demo\java-client\xml-data\PAF01291318.xml
C:\ITC_IA\cfditaskmanager_demo\cfditaskmanager-demo\java-client\xml-data\PAF01291298.xml
C:\ITC_IA\cfditaskmanager_demo\cfditaskmanager-demo\java-client\xml-data\FMV00246327.xml
C:\ITC_IA\cfditaskmanager_demo\cfditaskmanager-demo\java-client\xml-data\PAF01291301.xml
C:\ITC_IA\cfditaskmanager_demo\cfditaskmanager-demo\java-client\xml-data\PAF01291324.xml
C:\ITC_IA\cfditaskmanager_demo\cfditaskmanager-demo\java-client\xml-data\FMV00246317.xml
C:\ITC_IA\cfditaskmanager_demo\cfditaskmanager-demo\java-client\xml-data\PAF01291326.xml
C:\ITC_IA\cfditaskmanager_demo\cfditaskmanager-demo\java-client\xml-data\PAF01291329.xml
C:\ITC_IA\cfditaskmanager_demo\cfditaskmanager-demo\java-client\xml-data\PAF01291320.xml
C:\ITC_IA\cfditaskmanager_demo\cfditaskmanager-demo\java-client\xml-data\PAF01291331.xml
C:\ITC_IA\cfditaskmanager_demo\cfditaskmanager-demo\java-client\xml-data\PAF01291330.xml
C:\ITC_IA\cfditaskmanager_demo\cfditaskmanager-demo\java-client\xml-data\PAF01291333.xml
C:\ITC_IA\cfditaskmanager_demo\cfditaskmanager-demo\java-client\xml-data\PAF01291332.xml
C:\ITC_IA\cfditaskmanager_demo\cfditaskmanager-demo\java-client\xml-data\PAF01291334.xml
C:\ITC_IA\cfditaskmanager_demo\cfditaskmanager-demo\java-client\xml-data\PAF01291337.xml
C:\ITC_IA\cfditaskmanager_demo\cfditaskmanager-demo\java-client\xml-data\PAF01291335.xml
C:\ITC_IA\cfditaskmanager_demo\cfditaskmanager-demo\java-client\xml-data\PAF01291299.xml
C:\ITC_IA\cfditaskmanager_demo\cfditaskmanager-demo\java-client\xml-data\PAF01291304.xml
C:\ITC_IA\cfditaskmanager_demo\cfditaskmanager-demo\java-client\xml-data\PAF01291305.xml
C:\ITC_IA\cfditaskmanager_demo\cfditaskmanager-demo\java-client\xml-data\PAF01291316.xml
C:\ITC_IA\cfditaskmanager_demo\cfditaskmanager-demo\java-client\xml-data\PAF01291321.xml
C:\ITC_IA\cfditaskmanager_demo\cfditaskmanager-demo\java-client\xml-data\PAF01291307.xml
C:\ITC_IA\cfditaskmanager_demo\cfditaskmanager-demo\java-client\xml-data\PAF01291345.xml
C:\ITC_IA\cfditaskmanager_demo\cfditaskmanager-demo\java-client\xml-data\PAF01291344.xml
C:\ITC_IA\cfditaskmanager_demo\cfditaskmanager-demo\java-client\xml-data\PAF01291315.xml
C:\ITC_IA\cfditaskmanager_demo\cfditaskmanager-demo\java-client\xml-data\PAF01291325.xml
C:\ITC_IA\cfditaskmanager_demo\cfditaskmanager-demo\java-client\xml-data\PAF01291347.xml
C:\ITC_IA\cfditaskmanager_demo\cfditaskmanager-demo\java-client\xml-data\PAF01291346.xml
C:\ITC_IA\cfditaskmanager_demo\cfditaskmanager-demo\java-client\xml-data\PAF01291350.xml
C:\ITC_IA\cfditaskmanager_demo\cfditaskmanager-demo\java-client\xml-data\PAF01291355.xml
C:\ITC_IA\cfditaskmanager_demo\cfditaskmanager-demo\java-client\xml-data\PAF01291353.xml
C:\ITC_IA\cfditaskmanager_demo\cfditaskmanager-demo\java-client\xml-data\PAF01291356.xml
C:\ITC_IA\cfditaskmanager_demo\cfditaskmanager-demo\java-client\xml-data\PAF01291306.xml
C:\ITC_IA\cfditaskmanager_demo\cfditaskmanager-demo\java-client\xml-data\PAF01291339.xml
C:\ITC_IA\cfditaskmanager_demo\cfditaskmanager-demo\java-client\xml-data\PAF01291322.xml
C:\ITC_IA\cfditaskmanager_demo\cfditaskmanager-demo\java-client\xml-data\PAF01291338.xml
C:\ITC_IA\cfditaskmanager_demo\cfditaskmanager-demo\java-client\xml-data\PAF01291361.xml
C:\ITC_IA\cfditaskmanager_demo\cfditaskmanager-demo\java-client\xml-data\PAF01291351.xml
C:\ITC_IA\cfditaskmanager_demo\cfditaskmanager-demo\java-client\xml-data\PAF01291342.xml
C:\ITC_IA\cfditaskmanager_demo\cfditaskmanager-demo\java-client\xml-data\PAF01291363.xml
C:\ITC_IA\cfditaskmanager_demo\cfditaskmanager-demo\java-client\xml-data\PAF01291365.xml
C:\ITC_IA\cfditaskmanager_demo\cfditaskmanager-demo\java-client\xml-data\PAF01291364.xml
C:\ITC_IA\cfditaskmanager_demo\cfditaskmanager-demo\java-client\xml-data\PAF01291323.xml
C:\ITC_IA\cfditaskmanager_demo\cfditaskmanager-demo\java-client\xml-data\PAF01291327.xml
C:\ITC_IA\cfditaskmanager_demo\cfditaskmanager-demo\java-client\xml-data\PAF01291370.xml
C:\ITC_IA\cfditaskmanager_demo\cfditaskmanager-demo\java-client\xml-data\PAF01291369.xml
C:\ITC_IA\cfditaskmanager_demo\cfditaskmanager-demo\java-client\xml-data\PAF01291360.xml
C:\ITC_IA\cfditaskmanager_demo\cfditaskmanager-demo\java-client\xml-data\PAF01291359.xml
C:\ITC_IA\cfditaskmanager_demo\cfditaskmanager-demo\java-client\xml-data\PAF01291357.xml
C:\ITC_IA\cfditaskmanager_demo\cfditaskmanager-demo\java-client\xml-data\PAF01291358.xml
C:\ITC_IA\cfditaskmanager_demo\cfditaskmanager-demo\java-client\xml-data\PAF01291372.xml
C:\ITC_IA\cfditaskmanager_demo\cfditaskmanager-demo\java-client\xml-data\PAF01291373.xml
C:\ITC_IA\cfditaskmanager_demo\cfditaskmanager-demo\java-client\xml-data\PAF01291377.xml
C:\ITC_IA\cfditaskmanager_demo\cfditaskmanager-demo\java-client\xml-data\PAF01291328.xml
C:\ITC_IA\cfditaskmanager_demo\cfditaskmanager-demo\java-client\xml-data\PAF01291379.xml
C:\ITC_IA\cfditaskmanager_demo\cfditaskmanager-demo\java-client\xml-data\PAF01291336.xml
C:\ITC_IA\cfditaskmanager_demo\cfditaskmanager-demo\java-client\xml-data\PAF01291380.xml
C:\ITC_IA\cfditaskmanager_demo\cfditaskmanager-demo\java-client\xml-data\PAF01291382.xml
C:\ITC_IA\cfditaskmanager_demo\cfditaskmanager-demo\java-client\xml-data\PAF01291381.xml
C:\ITC_IA\cfditaskmanager_demo\cfditaskmanager-demo\java-client\xml-data\PAF01291352.xml
C:\ITC_IA\cfditaskmanager_demo\cfditaskmanager-demo\java-client\xml-data\PAF01291341.xml
C:\ITC_IA\cfditaskmanager_demo\cfditaskmanager-demo\java-client\xml-data\PAF01291340.xml
C:\ITC_IA\cfditaskmanager_demo\cfditaskmanager-demo\java-client\xml-data\PAF01291388.xml
C:\ITC_IA\cfditaskmanager_demo\cfditaskmanager-demo\java-client\xml-data\PAF01291384.xml
C:\ITC_IA\cfditaskmanager_demo\cfditaskmanager-demo\java-client\xml-data\PAF01291390.xml
C:\ITC_IA\cfditaskmanager_demo\cfditaskmanager-demo\java-client\xml-data\PAF01291391.xml
C:\ITC_IA\cfditaskmanager_demo\cfditaskmanager-demo\java-client\xml-data\PAF01291371.xml
C:\ITC_IA\cfditaskmanager_demo\cfditaskmanager-demo\java-client\xml-data\PAF01291389.xml
C:\ITC_IA\cfditaskmanager_demo\cfditaskmanager-demo\java-client\xml-data\PAF01291343.xml
C:\ITC_IA\cfditaskmanager_demo\cfditaskmanager-demo\java-client\xml-data\PAF01291387.xml
C:\ITC_IA\cfditaskmanager_demo\cfditaskmanager-demo\java-client\xml-data\PAF01291383.xml
C:\ITC_IA\cfditaskmanager_demo\cfditaskmanager-demo\java-client\xml-data\PAF01291394.xml
C:\ITC_IA\cfditaskmanager_demo\cfditaskmanager-demo\java-client\xml-data\PAF01291392.xml
C:\ITC_IA\cfditaskmanager_demo\cfditaskmanager-demo\java-client\xml-data\PAF01291395.xml
C:\ITC_IA\cfditaskmanager_demo\cfditaskmanager-demo\java-client\xml-data\PAF01291366.xml
C:\ITC_IA\cfditaskmanager_demo\cfditaskmanager-demo\java-client\xml-data\PAF01291396.xml
C:\ITC_IA\cfditaskmanager_demo\cfditaskmanager-demo\java-client\xml-data\PAF01291398.xml
C:\ITC_IA\cfditaskmanager_demo\cfditaskmanager-demo\java-client\xml-data\PAF01291399.xml
C:\ITC_IA\cfditaskmanager_demo\cfditaskmanager-demo\java-client\xml-data\PAF01291393.xml
C:\ITC_IA\cfditaskmanager_demo\cfditaskmanager-demo\java-client\xml-data\PAF01291400.xml
C:\ITC_IA\cfditaskmanager_demo\cfditaskmanager-demo\java-client\xml-data\PAF01291348.xml
C:\ITC_IA\cfditaskmanager_demo\cfditaskmanager-demo\java-client\xml-data\PAF01291401.xml
C:\ITC_IA\cfditaskmanager_demo\cfditaskmanager-demo\java-client\xml-data\PAF01291397.xml
C:\ITC_IA\cfditaskmanager_demo\cfditaskmanager-demo\java-client\xml-data\PAF01291402.xml
C:\ITC_IA\cfditaskmanager_demo\cfditaskmanager-demo\java-client\xml-data\PAF01291349.xml
C:\ITC_IA\cfditaskmanager_demo\cfditaskmanager-demo\java-client\xml-data\PAF01291403.xml
C:\ITC_IA\cfditaskmanager_demo\cfditaskmanager-demo\java-client\xml-data\PAF01291375.xml
C:\ITC_IA\cfditaskmanager_demo\cfditaskmanager-demo\java-client\xml-data\PAF01291376.xml
C:\ITC_IA\cfditaskmanager_demo\cfditaskmanager-demo\java-client\xml-data\PAF01291406.xml
C:\ITC_IA\cfditaskmanager_demo\cfditaskmanager-demo\java-client\xml-data\PAF01291409.xml
C:\ITC_IA\cfditaskmanager_demo\cfditaskmanager-demo\java-client\xml-data\PAF01291404.xml
C:\ITC_IA\cfditaskmanager_demo\cfditaskmanager-demo\java-client\xml-data\PAF01291408.xml
C:\ITC_IA\cfditaskmanager_demo\cfditaskmanager-demo\java-client\xml-data\PAF01291378.xml
C:\ITC_IA\cfditaskmanager_demo\cfditaskmanager-demo\java-client\xml-data\PAF01291411.xml
C:\ITC_IA\cfditaskmanager_demo\cfditaskmanager-demo\java-client\xml-data\PAF01291362.xml
C:\ITC_IA\cfditaskmanager_demo\cfditaskmanager-demo\java-client\xml-data\PAF01291412.xml
C:\ITC_IA\cfditaskmanager_demo\cfditaskmanager-demo\java-client\xml-data\PAF01291368.xml
C:\ITC_IA\cfditaskmanager_demo\cfditaskmanager-demo\java-client\xml-data\PAF01291354.xml
C:\ITC_IA\cfditaskmanager_demo\cfditaskmanager-demo\java-client\xml-data\PAF01291385.xml
C:\ITC_IA\cfditaskmanager_demo\cfditaskmanager-demo\java-client\xml-data\PAF01291410.xml
C:\ITC_IA\cfditaskmanager_demo\cfditaskmanager-demo\java-client\xml-data\PAF01291417.xml
C:\ITC_IA\cfditaskmanager_demo\cfditaskmanager-demo\java-client\xml-data\PAF01291407.xml
C:\ITC_IA\cfditaskmanager_demo\cfditaskmanager-demo\java-client\xml-data\PAF01291405.xml
C:\ITC_IA\cfditaskmanager_demo\cfditaskmanager-demo\java-client\xml-data\PAF01291416.xml
C:\ITC_IA\cfditaskmanager_demo\cfditaskmanager-demo\java-client\xml-data\PAF01291367.xml
C:\ITC_IA\cfditaskmanager_demo\cfditaskmanager-demo\java-client\xml-data\PAF01291413.xml
C:\ITC_IA\cfditaskmanager_demo\cfditaskmanager-demo\java-client\xml-data\PAF01291374.xml
C:\ITC_IA\cfditaskmanager_demo\cfditaskmanager-demo\java-client\xml-data\PAF01291420.xml
C:\ITC_IA\cfditaskmanager_demo\cfditaskmanager-demo\java-client\xml-data\PAF01291419.xml
C:\ITC_IA\cfditaskmanager_demo\cfditaskmanager-demo\java-client\xml-data\PAF01291422.xml
C:\ITC_IA\cfditaskmanager_demo\cfditaskmanager-demo\java-client\xml-data\PAF01291424.xml
C:\ITC_IA\cfditaskmanager_demo\cfditaskmanager-demo\java-client\xml-data\PAF01291425.xml
C:\ITC_IA\cfditaskmanager_demo\cfditaskmanager-demo\java-client\xml-data\PAF01291423.xml
C:\ITC_IA\cfditaskmanager_demo\cfditaskmanager-demo\java-client\xml-data\PAF01291418.xml
C:\ITC_IA\cfditaskmanager_demo\cfditaskmanager-demo\java-client\xml-data\PAF01291427.xml
C:\ITC_IA\cfditaskmanager_demo\cfditaskmanager-demo\java-client\xml-data\PAF01291436.xml
C:\ITC_IA\cfditaskmanager_demo\cfditaskmanager-demo\java-client\xml-data\PAF01291428.xml
C:\ITC_IA\cfditaskmanager_demo\cfditaskmanager-demo\java-client\xml-data\PAF01291430.xml
C:\ITC_IA\cfditaskmanager_demo\cfditaskmanager-demo\java-client\xml-data\PAF01291434.xml
C:\ITC_IA\cfditaskmanager_demo\cfditaskmanager-demo\java-client\xml-data\PAF01291386.xml
C:\ITC_IA\cfditaskmanager_demo\cfditaskmanager-demo\java-client\xml-data\PAF01291431.xml
C:\ITC_IA\cfditaskmanager_demo\cfditaskmanager-demo\java-client\xml-data\PAF01291437.xml
C:\ITC_IA\cfditaskmanager_demo\cfditaskmanager-demo\java-client\xml-data\PAF01291439.xml
C:\ITC_IA\cfditaskmanager_demo\cfditaskmanager-demo\java-client\xml-data\PAF01291433.xml
C:\ITC_IA\cfditaskmanager_demo\cfditaskmanager-demo\java-client\xml-data\PAF01291438.xml
C:\ITC_IA\cfditaskmanager_demo\cfditaskmanager-demo\java-client\xml-data\PAF01291426.xml
C:\ITC_IA\cfditaskmanager_demo\cfditaskmanager-demo\java-client\xml-data\PAF01291435.xml
C:\ITC_IA\cfditaskmanager_demo\cfditaskmanager-demo\java-client\xml-data\PAF01291432.xml
C:\ITC_IA\cfditaskmanager_demo\cfditaskmanager-demo\java-client\xml-data\PAF01291414.xml
C:\ITC_IA\cfditaskmanager_demo\cfditaskmanager-demo\java-client\xml-data\PAF01291443.xml
C:\ITC_IA\cfditaskmanager_demo\cfditaskmanager-demo\java-client\xml-data\PAF01291429.xml
C:\ITC_IA\cfditaskmanager_demo\cfditaskmanager-demo\java-client\xml-data\PAF01291445.xml
C:\ITC_IA\cfditaskmanager_demo\cfditaskmanager-demo\java-client\xml-data\PAF01291446.xml
C:\ITC_IA\cfditaskmanager_demo\cfditaskmanager-demo\java-client\xml-data\PAF01291442.xml
C:\ITC_IA\cfditaskmanager_demo\cfditaskmanager-demo\java-client\xml-data\PAF01291450.xml
C:\ITC_IA\cfditaskmanager_demo\cfditaskmanager-demo\java-client\xml-data\PAF01291451.xml
C:\ITC_IA\cfditaskmanager_demo\cfditaskmanager-demo\java-client\xml-data\PAF01291448.xml
C:\ITC_IA\cfditaskmanager_demo\cfditaskmanager-demo\java-client\xml-data\PAF01291452.xml
C:\ITC_IA\cfditaskmanager_demo\cfditaskmanager-demo\java-client\xml-data\PAF01291454.xml
C:\ITC_IA\cfditaskmanager_demo\cfditaskmanager-demo\java-client\xml-data\PAF01291455.xml
C:\ITC_IA\cfditaskmanager_demo\cfditaskmanager-demo\java-client\xml-data\PAF01291457.xml
C:\ITC_IA\cfditaskmanager_demo\cfditaskmanager-demo\java-client\xml-data\PAF01291444.xml
C:\ITC_IA\cfditaskmanager_demo\cfditaskmanager-demo\java-client\xml-data\PAF01291460.xml
C:\ITC_IA\cfditaskmanager_demo\cfditaskmanager-demo\java-client\xml-data\PAF01291458.xml
C:\ITC_IA\cfditaskmanager_demo\cfditaskmanager-demo\java-client\xml-data\PAF01291465.xml
C:\ITC_IA\cfditaskmanager_demo\cfditaskmanager-demo\java-client\xml-data\PAF01291466.xml
C:\ITC_IA\cfditaskmanager_demo\cfditaskmanager-demo\java-client\xml-data\PAF01291464.xml
C:\ITC_IA\cfditaskmanager_demo\cfditaskmanager-demo\java-client\xml-data\PAF01291467.xml
C:\ITC_IA\cfditaskmanager_demo\cfditaskmanager-demo\java-client\xml-data\PAF01291449.xml
C:\ITC_IA\cfditaskmanager_demo\cfditaskmanager-demo\java-client\xml-data\PAF01291456.xml
C:\ITC_IA\cfditaskmanager_demo\cfditaskmanager-demo\java-client\xml-data\PAF01291469.xml
C:\ITC_IA\cfditaskmanager_demo\cfditaskmanager-demo\java-client\xml-data\PAF01291471.xml
C:\ITC_IA\cfditaskmanager_demo\cfditaskmanager-demo\java-client\xml-data\PAF01291470.xml
C:\ITC_IA\cfditaskmanager_demo\cfditaskmanager-demo\java-client\xml-data\PAF01291447.xml
C:\ITC_IA\cfditaskmanager_demo\cfditaskmanager-demo\java-client\xml-data\PAF01291462.xml
C:\ITC_IA\cfditaskmanager_demo\cfditaskmanager-demo\java-client\xml-data\PAF01291472.xml
C:\ITC_IA\cfditaskmanager_demo\cfditaskmanager-demo\java-client\xml-data\PAF01291473.xml
C:\ITC_IA\cfditaskmanager_demo\cfditaskmanager-demo\java-client\xml-data\PAF01291477.xml
C:\ITC_IA\cfditaskmanager_demo\cfditaskmanager-demo\java-client\xml-data\PAF01291478.xml
C:\ITC_IA\cfditaskmanager_demo\cfditaskmanager-demo\java-client\xml-data\PAF01291483.xml
C:\ITC_IA\cfditaskmanager_demo\cfditaskmanager-demo\java-client\xml-data\PAF01291480.xml
C:\ITC_IA\cfditaskmanager_demo\cfditaskmanager-demo\java-client\xml-data\PAF01291486.xml
C:\ITC_IA\cfditaskmanager_demo\cfditaskmanager-demo\java-client\xml-data\PAF01291484.xml
C:\ITC_IA\cfditaskmanager_demo\cfditaskmanager-demo\java-client\xml-data\PAF01291481.xml
C:\ITC_IA\cfditaskmanager_demo\cfditaskmanager-demo\java-client\xml-data\PAF01291485.xml
C:\ITC_IA\cfditaskmanager_demo\cfditaskmanager-demo\java-client\xml-data\PAF01291482.xml
C:\ITC_IA\cfditaskmanager_demo\cfditaskmanager-demo\java-client\xml-data\PAF01291474.xml
C:\ITC_IA\cfditaskmanager_demo\cfditaskmanager-demo\java-client\xml-data\PAF01291476.xml
C:\ITC_IA\cfditaskmanager_demo\cfditaskmanager-demo\java-client\xml-data\PAF01291487.xml
C:\ITC_IA\cfditaskmanager_demo\cfditaskmanager-demo\java-client\xml-data\PAF01291489.xml
C:\ITC_IA\cfditaskmanager_demo\cfditaskmanager-demo\java-client\xml-data\PAF01291492.xml
C:\ITC_IA\cfditaskmanager_demo\cfditaskmanager-demo\java-client\xml-data\PAF01291493.xml
C:\ITC_IA\cfditaskmanager_demo\cfditaskmanager-demo\java-client\xml-data\PAF01291498.xml
C:\ITC_IA\cfditaskmanager_demo\cfditaskmanager-demo\java-client\xml-data\PAF01291495.xml
C:\ITC_IA\cfditaskmanager_demo\cfditaskmanager-demo\java-client\xml-data\PAF01291497.xml
C:\ITC_IA\cfditaskmanager_demo\cfditaskmanager-demo\java-client\xml-data\PAF01291496.xml
C:\ITC_IA\cfditaskmanager_demo\cfditaskmanager-demo\java-client\xml-data\PAF01291421.xml
C:\ITC_IA\cfditaskmanager_demo\cfditaskmanager-demo\java-client\xml-data\PAF01291494.xml
C:\ITC_IA\cfditaskmanager_demo\cfditaskmanager-demo\java-client\xml-data\PAF01291500.xml
C:\ITC_IA\cfditaskmanager_demo\cfditaskmanager-demo\java-client\xml-data\PAF01291503.xml
C:\ITC_IA\cfditaskmanager_demo\cfditaskmanager-demo\java-client\xml-data\PAF01291506.xml
C:\ITC_IA\cfditaskmanager_demo\cfditaskmanager-demo\java-client\xml-data\PAF01291501.xml
C:\ITC_IA\cfditaskmanager_demo\cfditaskmanager-demo\java-client\xml-data\PAF01291508.xml
C:\ITC_IA\cfditaskmanager_demo\cfditaskmanager-demo\java-client\xml-data\PAF01291441.xml
C:\ITC_IA\cfditaskmanager_demo\cfditaskmanager-demo\java-client\xml-data\sample.xml
C:\ITC_IA\cfditaskmanager_demo\cfditaskmanager-demo\java-client\xml-data\PAF01291514.xml
C:\ITC_IA\cfditaskmanager_demo\cfditaskmanager-demo\java-client\xml-data\PAF01291509.xml
C:\ITC_IA\cfditaskmanager_demo\cfditaskmanager-demo\java-client\xml-data\PAF01291510.xml
C:\ITC_IA\cfditaskmanager_demo\cfditaskmanager-demo\java-client\xml-data\PAF01291440.xml
C:\ITC_IA\cfditaskmanager_demo\cfditaskmanager-demo\java-client\xml-data\PAF01291461.xml
C:\ITC_IA\cfditaskmanager_demo\cfditaskmanager-demo\java-client\xml-data\PAF01291491.xml
C:\ITC_IA\cfditaskmanager_demo\cfditaskmanager-demo\java-client\xml-data\PAF01291512.xml
C:\ITC_IA\cfditaskmanager_demo\cfditaskmanager-demo\java-client\xml-data\PAF01291479.xml
C:\ITC_IA\cfditaskmanager_demo\cfditaskmanager-demo\java-client\xml-data\PAF01291504.xml
C:\ITC_IA\cfditaskmanager_demo\cfditaskmanager-demo\java-client\xml-data\PAF01291490.xml
C:\ITC_IA\cfditaskmanager_demo\cfditaskmanager-demo\java-client\xml-data\PAF01291453.xml
C:\ITC_IA\cfditaskmanager_demo\cfditaskmanager-demo\java-client\xml-data\PAF01291505.xml
C:\ITC_IA\cfditaskmanager_demo\cfditaskmanager-demo\java-client\xml-data\PAF01291463.xml
C:\ITC_IA\cfditaskmanager_demo\cfditaskmanager-demo\java-client\xml-data\PAF01291468.xml
C:\ITC_IA\cfditaskmanager_demo\cfditaskmanager-demo\java-client\xml-data\PAF01291499.xml
C:\ITC_IA\cfditaskmanager_demo\cfditaskmanager-demo\java-client\xml-data\PAF01291459.xml
C:\ITC_IA\cfditaskmanager_demo\cfditaskmanager-demo\java-client\xml-data\PAF01291513.xml
C:\ITC_IA\cfditaskmanager_demo\cfditaskmanager-demo\java-client\xml-data\PAF01291488.xml
C:\ITC_IA\cfditaskmanager_demo\cfditaskmanager-demo\java-client\xml-data\PAF01291502.xml
C:\ITC_IA\cfditaskmanager_demo\cfditaskmanager-demo\java-client\xml-data\PAF01291511.xml
C:\ITC_IA\cfditaskmanager_demo\cfditaskmanager-demo\java-client\test-data\sample.xml
